-------------------------------------------------------------------------------
Test set: com.secrets.manager.springsecretsmanager.SpringSecretsManagerApplicationTests
-------------------------------------------------------------------------------
Tests run: 1, Failures: 0, Errors: 1, Skipped: 0, Time elapsed: 40.215 s <<< FAILURE! - in com.secrets.manager.springsecretsmanager.SpringSecretsManagerApplicationTests
contextLoads  Time elapsed: 0 s  <<< ERROR!
java.lang.IllegalStateException: Failed to load ApplicationContext
Caused by: com.amazonaws.services.secretsmanager.model.AWSSecretsManagerException: The security token included in the request is invalid. (Service: AWSSecretsManager; Status Code: 400; Error Code: UnrecognizedClientException; Request ID: 954e6482-79cf-4509-9b19-072cf6009f1e; Proxy: null)

